<?xml version="1.0" encoding="UTF-8"?>
<testng-results ignored="0" total="1" passed="1" failed="0" skipped="0">
  <reporter-output>
  </reporter-output>
  <suite started-at="2024-01-24T10:57:16 IST" name="Default suite" finished-at="2024-01-24T10:57:40 IST" duration-ms="24037">
    <groups>
    </groups>
    <test started-at="2024-01-24T10:57:16 IST" name="Default test" finished-at="2024-01-24T10:57:40 IST" duration-ms="24037">
      <class name="testcases.ZohoTest">
        <test-method is-config="true" signature="setup()[pri:0, instance:testcases.ZohoTest@34e9fd99]" started-at="2024-01-24T10:57:16 IST" name="setup" finished-at="2024-01-24T10:57:24 IST" duration-ms="7827" status="PASS">
          <reporter-output>
          </reporter-output>
        </test-method> <!-- setup -->
        <test-method signature="Login()[pri:0, instance:testcases.ZohoTest@34e9fd99]" started-at="2024-01-24T10:57:24 IST" name="Login" finished-at="2024-01-24T10:57:40 IST" duration-ms="16052" status="PASS">
          <reporter-output>
          </reporter-output>
        </test-method> <!-- Login -->
        <test-method is-config="true" signature="teardown()[pri:0, instance:testcases.ZohoTest@34e9fd99]" started-at="2024-01-24T10:57:40 IST" name="teardown" finished-at="2024-01-24T10:57:40 IST" duration-ms="123" status="PASS">
          <reporter-output>
          </reporter-output>
        </test-method> <!-- teardown -->
      </class> <!-- testcases.ZohoTest -->
    </test> <!-- Default test -->
  </suite> <!-- Default suite -->
</testng-results>
